INFO:root:<class '__main__.GluttonyError'>
INFO:root:<class '__main__.KillError'>
INFO:root:<class '__main__.GluttonyError'>
INFO:root:<class '__main__.DepressionError'>
INFO:root:<class '__main__.GluttonyError'>
INFO:root:<class '__main__.DepressionError'>
INFO:root:<class '__main__.CarCrashError'>
INFO:root:<class '__main__.DrunkError'>
INFO:root:<class '__main__.DrunkError'>
INFO:root:<class '__main__.KillError'>
INFO:root:<class '__main__.KillError'>
INFO:root:<class '__main__.GluttonyError'>
INFO:root:<class '__main__.DrunkError'>
INFO:root:<class '__main__.GluttonyError'>
INFO:root:<class '__main__.KillError'>
INFO:root:<class '__main__.DepressionError'>
INFO:root:<class '__main__.DrunkError'>
INFO:root:<class '__main__.CarCrashError'>
INFO:root:<class '__main__.DrunkError'>
INFO:root:<class '__main__.KillError'>
INFO:root:<class '__main__.CarCrashError'>
INFO:root:<class '__main__.DepressionError'>
INFO:root:<class '__main__.KillError'>
INFO:root:<class '__main__.CarCrashError'>
INFO:root:<class '__main__.DrunkError'>
INFO:root:<class '__main__.KillError'>
